<?xml version="1.0" encoding="UTF-8"?>
<!-- Generated by org.testng.reporters.JUnitXMLReporter -->
<testsuite ignored="0" hostname="DESKTOP-LNCT1G8" failures="0" tests="3" name="Default test" time="0.109" errors="0" timestamp="2020-10-13T10:43:20 IST">
  <testcase classname="com.java.streams.Sorting" name="stringSort" time="0.054"/>
  <testcase classname="com.java.streams.Sorting" name="test" time="0.003"/>
  <testcase classname="com.java.streams.Sorting" name="sort" time="0.004"/>
</testsuite> <!-- Default test -->
