<?xml version="1.0" encoding="UTF-8"?>
<testng-results ignored="0" total="3" passed="3" failed="0" skipped="0">
  <reporter-output>
  </reporter-output>
  <suite started-at="2020-10-13T10:43:20 IST" name="Default suite" finished-at="2020-10-13T10:43:20 IST" duration-ms="109">
    <groups>
    </groups>
    <test started-at="2020-10-13T10:43:20 IST" name="Default test" finished-at="2020-10-13T10:43:20 IST" duration-ms="109">
      <class name="com.java.streams.Sorting">
        <test-method signature="stringSort()[pri:0, instance:com.java.streams.Sorting@a1cdc6d]" started-at="2020-10-13T10:43:20 IST" name="stringSort" finished-at="2020-10-13T10:43:20 IST" duration-ms="54" status="PASS">
          <reporter-output>
          </reporter-output>
        </test-method> <!-- stringSort -->
        <test-method signature="test()[pri:1, instance:com.java.streams.Sorting@a1cdc6d]" started-at="2020-10-13T10:43:20 IST" name="test" finished-at="2020-10-13T10:43:20 IST" duration-ms="3" status="PASS">
          <reporter-output>
          </reporter-output>
        </test-method> <!-- test -->
        <test-method signature="sort()[pri:2, instance:com.java.streams.Sorting@a1cdc6d]" started-at="2020-10-13T10:43:20 IST" name="sort" finished-at="2020-10-13T10:43:20 IST" duration-ms="4" status="PASS">
          <reporter-output>
          </reporter-output>
        </test-method> <!-- sort -->
      </class> <!-- com.java.streams.Sorting -->
    </test> <!-- Default test -->
  </suite> <!-- Default suite -->
</testng-results>
